<?xml version="1.0" encoding="UTF-8"?>
<!-- Generated by org.testng.reporters.JUnitXMLReporter -->
<testsuite hostname="krish" ignored="0" name="Default test" tests="3" failures="0" timestamp="2023-03-29T11:11:04 IST" time="22.074" errors="0">
  <testcase name="DataProvSampleTest" time="8.677" classname="testngdataproviders.dt"/>
  <testcase name="DataProvSampleTest" time="6.468" classname="testngdataproviders.dt"/>
  <testcase name="DataProvSampleTest" time="6.882" classname="testngdataproviders.dt"/>
</testsuite> <!-- Default test -->
